<?xml version="1.0" encoding="UTF-8"?>
<testng-results skipped="0" failed="0" ignored="0" total="1" passed="1">
  <reporter-output>
  </reporter-output>
  <suite name="Default suite" duration-ms="9520" started-at="2020-01-29T03:54:13Z" finished-at="2020-01-29T03:54:22Z">
    <groups>
    </groups>
    <test name="Default test" duration-ms="9520" started-at="2020-01-29T03:54:13Z" finished-at="2020-01-29T03:54:22Z">
      <class name="pageOMTestTim.Login">
        <test-method status="PASS" signature="loginTestPOM()[pri:0, instance:pageOMTestTim.Login@482f8f11]" name="loginTestPOM" duration-ms="9479" started-at="2020-01-29T03:54:13Z" finished-at="2020-01-29T03:54:22Z">
          <reporter-output>
          </reporter-output>
        </test-method> <!-- loginTestPOM -->
      </class> <!-- pageOMTestTim.Login -->
    </test> <!-- Default test -->
  </suite> <!-- Default suite -->
</testng-results>
